  Boid.cpp
C:\Users\louis\cours-info\cpp\ant-war-2023-win\ant-war\Boid.cpp(134,48): warning C4244: 'argument' : conversion de 'float' en 'int', perte possible de données
C:\Users\louis\cours-info\cpp\ant-war-2023-win\ant-war\Boid.cpp(134,41): warning C4244: 'argument' : conversion de 'float' en 'int', perte possible de données
C:\Users\louis\cours-info\cpp\ant-war-2023-win\ant-war\Boid.cpp(135,48): warning C4244: 'argument' : conversion de 'float' en 'int', perte possible de données
C:\Users\louis\cours-info\cpp\ant-war-2023-win\ant-war\Boid.cpp(135,41): warning C4244: 'argument' : conversion de 'float' en 'int', perte possible de données
C:\Users\louis\cours-info\cpp\ant-war-2023-win\ant-war\Boid.cpp(136,48): warning C4244: 'argument' : conversion de 'float' en 'int', perte possible de données
C:\Users\louis\cours-info\cpp\ant-war-2023-win\ant-war\Boid.cpp(136,41): warning C4244: 'argument' : conversion de 'float' en 'int', perte possible de données
C:\Users\louis\cours-info\cpp\ant-war-2023-win\ant-war\Boid.cpp(137,48): warning C4244: 'argument' : conversion de 'float' en 'int', perte possible de données
C:\Users\louis\cours-info\cpp\ant-war-2023-win\ant-war\Boid.cpp(137,41): warning C4244: 'argument' : conversion de 'float' en 'int', perte possible de données
C:\Users\louis\cours-info\cpp\ant-war-2023-win\ant-war\Boid.cpp(138,48): warning C4244: 'argument' : conversion de 'float' en 'int', perte possible de données
C:\Users\louis\cours-info\cpp\ant-war-2023-win\ant-war\Boid.cpp(138,41): warning C4244: 'argument' : conversion de 'float' en 'int', perte possible de données
C:\Users\louis\cours-info\cpp\ant-war-2023-win\ant-war\Boid.cpp(139,48): warning C4244: 'argument' : conversion de 'float' en 'int', perte possible de données
C:\Users\louis\cours-info\cpp\ant-war-2023-win\ant-war\Boid.cpp(139,41): warning C4244: 'argument' : conversion de 'float' en 'int', perte possible de données
C:\Users\louis\cours-info\cpp\ant-war-2023-win\ant-war\Boid.cpp(140,48): warning C4244: 'argument' : conversion de 'float' en 'int', perte possible de données
C:\Users\louis\cours-info\cpp\ant-war-2023-win\ant-war\Boid.cpp(140,41): warning C4244: 'argument' : conversion de 'float' en 'int', perte possible de données
C:\Users\louis\cours-info\cpp\ant-war-2023-win\ant-war\Boid.cpp(141,48): warning C4244: 'argument' : conversion de 'float' en 'int', perte possible de données
C:\Users\louis\cours-info\cpp\ant-war-2023-win\ant-war\Boid.cpp(141,41): warning C4244: 'argument' : conversion de 'float' en 'int', perte possible de données
C:\Users\louis\cours-info\cpp\ant-war-2023-win\ant-war\Boid.cpp(157,47): warning C4244: 'argument' : conversion de 'float' en 'int', perte possible de données
C:\Users\louis\cours-info\cpp\ant-war-2023-win\ant-war\Boid.cpp(157,41): warning C4244: 'argument' : conversion de 'float' en 'int', perte possible de données
C:\Users\louis\cours-info\cpp\ant-war-2023-win\ant-war\Boid.cpp(157,37): warning C4244: 'argument' : conversion de 'float' en 'int', perte possible de données
C:\Users\louis\cours-info\cpp\ant-war-2023-win\ant-war\Boid.cpp(157,34): warning C4244: 'argument' : conversion de 'float' en 'int', perte possible de données
  Simulator.cpp
C:\Users\louis\cours-info\cpp\ant-war-2023-win\ant-war\Simulator.cpp(27,114): warning C4244: 'argument' : conversion de 'const float' en 'int', perte possible de données
C:\Users\louis\cours-info\cpp\ant-war-2023-win\ant-war\Simulator.cpp(27,101): warning C4244: 'argument' : conversion de 'const float' en 'int', perte possible de données
C:\Users\louis\cours-info\cpp\ant-war-2023-win\ant-war\Simulator.cpp(80,26): warning C4244: 'argument' : conversion de 'float' en 'int', perte possible de données
  Vector.cpp
  main.cpp
  Génération de code en cours...
  ant-war.vcxproj -> C:\Users\louis\cours-info\cpp\ant-war-2023-win\x64\Debug\ant-war.exe
